{
  "stats": {
    "suites": 20,
    "tests": 31,
    "passes": 31,
    "pending": 0,
    "failures": 0,
    "testsRegistered": 31,
    "passPercent": 100,
    "pendingPercent": 0,
    "other": 0,
    "hasOther": false,
    "skipped": 0,
    "hasSkipped": false,
    "start": "2023-03-17T14:22:47.017Z",
    "end": "2023-03-17T14:25:26.195Z",
    "duration": 159178
  },
  "results": [
    {
      "uuid": "9529821b-fbaf-43a4-95bb-812f6f355f1f",
      "title": "",
      "fullFile": "cypress\\e2e\\automation-test-store\\alias-invoke.cy.js",
      "file": "cypress\\e2e\\automation-test-store\\alias-invoke.cy.js",
      "beforeHooks": [],
      "afterHooks": [],
      "tests": [],
      "suites": [
        {
          "uuid": "a1d38652-f584-4c0a-9309-eaafaa527ab1",
          "title": "Alias and invoke",
          "fullFile": "",
          "file": "",
          "beforeHooks": [],
          "afterHooks": [],
          "tests": [
            {
              "title": "Calculate total of normal and sale products",
              "fullTitle": "Alias and invoke Calculate total of normal and sale products",
              "timedOut": null,
              "duration": 3015,
              "state": "passed",
              "speed": "fast",
              "pass": true,
              "fail": false,
              "pending": false,
              "context": null,
              "code": "cy.visit(\"https://automationteststore.com/\");\ncy.get(\".thumbnail\").as('homepageProductThumbnail');\n// cy.get('@homepageProductThumbnail').find('.oneprice').each(($el, index, $list) => {\n//     cy.log($el.text())\n// })\ncy.get('@homepageProductThumbnail').find('.oneprice').invoke('text').as('itemPrice');\ncy.get('@homepageProductThumbnail').find('.pricenew').invoke('text').as('saleItemPrice');\nvar itemsTotal = 0;\ncy.get('@itemPrice').then($linkText => {\n  var itemsPriceTotal = 0;\n  var itemPrice = $linkText.split('$');\n  var i;\n  for (i = 0; i < itemPrice.length; i++) {\n    cy.log(itemPrice[i]);\n    itemsPriceTotal += Number(itemPrice[i]);\n  }\n  itemsTotal += itemsPriceTotal;\n  cy.log(\"Non sale price items total: \" + itemsPriceTotal);\n});\ncy.get('@saleItemPrice').then($linkText => {\n  var saleItemsPrice = 0;\n  var saleItemPrice = $linkText.split('$');\n  var i;\n  for (i = 0; i < saleItemPrice.length; i++) {\n    cy.log(saleItemPrice[i]);\n    saleItemsPrice += Number(saleItemPrice[i]);\n  }\n  itemsTotal += saleItemsPrice;\n  cy.log(\"Sale price items total: \" + saleItemsPrice);\n}).then(() => {\n  cy.log(\"The total price of all products: \" + itemsTotal);\n  expect(itemsTotal).to.equal(669);\n});",
              "err": {},
              "uuid": "11b05415-6f45-429f-8005-77bdbdada66a",
              "parentUUID": "a1d38652-f584-4c0a-9309-eaafaa527ab1",
              "isHook": false,
              "skipped": false
            }
          ],
          "suites": [],
          "passes": [
            "11b05415-6f45-429f-8005-77bdbdada66a"
          ],
          "failures": [],
          "pending": [],
          "skipped": [],
          "duration": 3015,
          "root": false,
          "rootEmpty": false,
          "_timeout": 2000
        }
      ],
      "passes": [],
      "failures": [],
      "pending": [],
      "skipped": [],
      "duration": 0,
      "root": true,
      "rootEmpty": true,
      "_timeout": 2000
    },
    {
      "uuid": "f0279043-6925-46ba-81ea-489be8ea5cec",
      "title": "",
      "fullFile": "cypress\\e2e\\automation-test-store\\contact-us.cy.js",
      "file": "cypress\\e2e\\automation-test-store\\contact-us.cy.js",
      "beforeHooks": [],
      "afterHooks": [],
      "tests": [],
      "suites": [
        {
          "uuid": "f387e826-14a9-48e5-b3f7-65414ab0fdc5",
          "title": "Test contact us form via automation test store",
          "fullFile": "",
          "file": "",
          "beforeHooks": [],
          "afterHooks": [],
          "tests": [
            {
              "title": "Should be able to submit a successful submission via contact us form",
              "fullTitle": "Test contact us form via automation test store Should be able to submit a successful submission via contact us form",
              "timedOut": null,
              "duration": 5243,
              "state": "passed",
              "speed": "medium",
              "pass": true,
              "fail": false,
              "pending": false,
              "context": null,
              "code": "cy.visit(\"https://automationteststore.com/\");\n// Different selectors for the same thing\n//cy.get('.info_links_footer > :nth-child(5) > a').click()\n//cy.xpath(\"//a[contains(@href, 'contact')]\").click()\ncy.get(\"a[href$='contact']\").click().then(function (linkText) {\n  cy.log(\"Clicked on link using text: \" + linkText.text());\n});\ncy.get(\"@user\").then(user => {\n  cy.get('#ContactUsFrm_first_name').type(user.first_name);\n  cy.get('#ContactUsFrm_email').type(user.email);\n});\ncy.get('#ContactUsFrm_email').should('have.attr', 'name', 'email');\ncy.get('#ContactUsFrm_enquiry').type(\"WARNING! I am your competitor\");\n//cy.get('.col-md-6 > .btn').click()\ncy.get(\"button[title='Submit']\").click();\ncy.get('.mb40 > :nth-child(3)').should('have.text', 'Your enquiry has been successfully sent to the store owner!');\n//While using non-cypress commands, it's more likely that they run at the same time as cypress commands\n//console.log(\"Test has completed\");\ncy.log(\"Test has completed\");",
              "err": {},
              "uuid": "98b4b3dc-d3ab-4214-a624-862f3beb8a3e",
              "parentUUID": "f387e826-14a9-48e5-b3f7-65414ab0fdc5",
              "isHook": false,
              "skipped": false
            }
          ],
          "suites": [],
          "passes": [
            "98b4b3dc-d3ab-4214-a624-862f3beb8a3e"
          ],
          "failures": [],
          "pending": [],
          "skipped": [],
          "duration": 5243,
          "root": false,
          "rootEmpty": false,
          "_timeout": 2000
        }
      ],
      "passes": [],
      "failures": [],
      "pending": [],
      "skipped": [],
      "duration": 0,
      "root": true,
      "rootEmpty": true,
      "_timeout": 2000
    },
    {
      "uuid": "0e16f366-f02b-447b-8e92-a480ed4987b7",
      "title": "",
      "fullFile": "cypress\\e2e\\automation-test-store\\inspect-item.cy.js",
      "file": "cypress\\e2e\\automation-test-store\\inspect-item.cy.js",
      "beforeHooks": [],
      "afterHooks": [],
      "tests": [],
      "suites": [
        {
          "uuid": "32fd406a-af86-464f-a309-796aef5f80b5",
          "title": "Inspect Automation Test Store items using chain of commands",
          "fullFile": "",
          "file": "",
          "beforeHooks": [],
          "afterHooks": [],
          "tests": [
            {
              "title": "Click on the first item using item text",
              "fullTitle": "Inspect Automation Test Store items using chain of commands Click on the first item using item text",
              "timedOut": null,
              "duration": 2875,
              "state": "passed",
              "speed": "fast",
              "pass": true,
              "fail": false,
              "pending": false,
              "context": null,
              "code": "cy.visit(\"https://automationteststore.com/\");\ncy.get('.prdocutname').contains('Skinsheen Bronzer Stick').click().then(function (itemHeaderText) {\n  console.log(\"Selected the following item: \" + itemHeaderText.text());\n});\n//Using this console log here will result in it being displayed before the one above\n//console.log(\"Test 123\")",
              "err": {},
              "uuid": "430dcc9a-9d9c-4d76-ab94-f683d548e5cd",
              "parentUUID": "32fd406a-af86-464f-a309-796aef5f80b5",
              "isHook": false,
              "skipped": false
            }
          ],
          "suites": [],
          "passes": [
            "430dcc9a-9d9c-4d76-ab94-f683d548e5cd"
          ],
          "failures": [],
          "pending": [],
          "skipped": [],
          "duration": 2875,
          "root": false,
          "rootEmpty": false,
          "_timeout": 2000
        }
      ],
      "passes": [],
      "failures": [],
      "pending": [],
      "skipped": [],
      "duration": 0,
      "root": true,
      "rootEmpty": true,
      "_timeout": 2000
    },
    {
      "uuid": "565d7437-58a4-4162-94d9-8697c526d5bb",
      "title": "",
      "fullFile": "cypress\\e2e\\automation-test-store\\iterate-over-elements.cy.js",
      "file": "cypress\\e2e\\automation-test-store\\iterate-over-elements.cy.js",
      "beforeHooks": [],
      "afterHooks": [],
      "tests": [],
      "suites": [
        {
          "uuid": "046c783a-ac11-43a1-985e-33770d6d987a",
          "title": "Iterate over elements",
          "fullFile": "",
          "file": "",
          "beforeHooks": [],
          "afterHooks": [],
          "tests": [
            {
              "title": "Log information of all hair care products",
              "fullTitle": "Iterate over elements Log information of all hair care products",
              "timedOut": null,
              "duration": 2984,
              "state": "passed",
              "speed": "fast",
              "pass": true,
              "fail": false,
              "pending": false,
              "context": null,
              "code": "cy.get(\".fixed_wrapper .prdocutname\").each(($el, index, $list) => {\n  cy.log(\"Index: \" + index + \" : \" + $el.text());\n});",
              "err": {},
              "uuid": "dac065af-995e-461d-a55a-2917701f7456",
              "parentUUID": "046c783a-ac11-43a1-985e-33770d6d987a",
              "isHook": false,
              "skipped": false
            },
            {
              "title": "Add specific product to basket",
              "fullTitle": "Iterate over elements Add specific product to basket",
              "timedOut": null,
              "duration": 1546,
              "state": "passed",
              "speed": "fast",
              "pass": true,
              "fail": false,
              "pending": false,
              "context": null,
              "code": "cy.selectProduct('Curls to straight Shampoo');",
              "err": {},
              "uuid": "5b491604-4a09-4872-86b4-076438067206",
              "parentUUID": "046c783a-ac11-43a1-985e-33770d6d987a",
              "isHook": false,
              "skipped": false
            },
            {
              "title": "Add another specific product to basket",
              "fullTitle": "Iterate over elements Add another specific product to basket",
              "timedOut": null,
              "duration": 1563,
              "state": "passed",
              "speed": "fast",
              "pass": true,
              "fail": false,
              "pending": false,
              "context": null,
              "code": "cy.selectProduct('Seaweed Conditioner');",
              "err": {},
              "uuid": "a7e2b385-b347-4014-9fbe-43ff8f9a1a7c",
              "parentUUID": "046c783a-ac11-43a1-985e-33770d6d987a",
              "isHook": false,
              "skipped": false
            },
            {
              "title": "Add yet another specific product to basket - Challenge",
              "fullTitle": "Iterate over elements Add yet another specific product to basket - Challenge",
              "timedOut": null,
              "duration": 2352,
              "state": "passed",
              "speed": "fast",
              "pass": true,
              "fail": false,
              "pending": false,
              "context": null,
              "code": "cy.selectProduct('Eau Parfumee au The Vert Shampoo');",
              "err": {},
              "uuid": "49486505-d641-426a-bba4-2e3c00a9d33e",
              "parentUUID": "046c783a-ac11-43a1-985e-33770d6d987a",
              "isHook": false,
              "skipped": false
            }
          ],
          "suites": [],
          "passes": [
            "dac065af-995e-461d-a55a-2917701f7456",
            "5b491604-4a09-4872-86b4-076438067206",
            "a7e2b385-b347-4014-9fbe-43ff8f9a1a7c",
            "49486505-d641-426a-bba4-2e3c00a9d33e"
          ],
          "failures": [],
          "pending": [],
          "skipped": [],
          "duration": 8445,
          "root": false,
          "rootEmpty": false,
          "_timeout": 2000
        }
      ],
      "passes": [],
      "failures": [],
      "pending": [],
      "skipped": [],
      "duration": 0,
      "root": true,
      "rootEmpty": true,
      "_timeout": 2000
    },
    {
      "uuid": "0eae672b-8b53-4ba6-ad03-0a01885f567e",
      "title": "",
      "fullFile": "cypress\\e2e\\automation-test-store\\variables-and-cy-commands.cy.js",
      "file": "cypress\\e2e\\automation-test-store\\variables-and-cy-commands.cy.js",
      "beforeHooks": [],
      "afterHooks": [],
      "tests": [],
      "suites": [
        {
          "uuid": "f778d24a-5845-4e4f-b588-a025a88ed6ad",
          "title": "Verifying variables, cypress commands and jquery commands",
          "fullFile": "",
          "file": "",
          "beforeHooks": [],
          "afterHooks": [],
          "tests": [
            {
              "title": "Navigating to specific product pages",
              "fullTitle": "Verifying variables, cypress commands and jquery commands Navigating to specific product pages",
              "timedOut": null,
              "duration": 3381,
              "state": "passed",
              "speed": "fast",
              "pass": true,
              "fail": false,
              "pending": false,
              "context": null,
              "code": "cy.visit(\"https://automationteststore.com/\");\n//Based on the course this failed, but it was successfull \n// const makeupLink = cy.get(\"a[href*='product/category&path=']\").contains(\"Makeup\")\n// const skincareLink = cy.get(\"a[href*='product/category&path=']\").contains(\"Skincare\")\n// makeupLink.click()\n// skincareLink.click()\n//Based on the course this will pass, this also passed \n// const makeupLink = cy.get(\"a[href*='product/category&path=']\").contains(\"Makeup\")\n// makeupLink.click()\n// const skincareLink = cy.get(\"a[href*='product/category&path=']\").contains(\"Skincare\")\n// skincareLink.click()\n//This is the recommended approach\nconst makeupLink = cy.get(\"a[href*='product/category&path=']\").contains(\"Makeup\").click();\nconst skincareLink = cy.get(\"a[href*='product/category&path=']\").contains(\"Skincare\").click();",
              "err": {},
              "uuid": "49bcb40b-9959-4c5e-858e-1e17f64110ea",
              "parentUUID": "f778d24a-5845-4e4f-b588-a025a88ed6ad",
              "isHook": false,
              "skipped": false
            },
            {
              "title": "Navigating to specific product pages",
              "fullTitle": "Verifying variables, cypress commands and jquery commands Navigating to specific product pages",
              "timedOut": null,
              "duration": 934,
              "state": "passed",
              "speed": "fast",
              "pass": true,
              "fail": false,
              "pending": false,
              "context": null,
              "code": "cy.visit(\"https://automationteststore.com/\");\nconst skincareLink = cy.get(\"a[href*='product/category&path=']\").contains(\"Skincare\").click();\n//Following code will fail, based on the course it will run forever\n// const header = cy.get(\"h1 .maintext\")\n// cy.log(header.text())\ncy.get(\"h1 .maintext\").then($headerText => {\n  const headerText = $headerText.text();\n  cy.log(\"Found header text: \" + headerText);\n  expect(headerText).is.eq('Skincare');\n});",
              "err": {},
              "uuid": "aaa7f49e-eeff-4542-8c9e-57e2a267d423",
              "parentUUID": "f778d24a-5845-4e4f-b588-a025a88ed6ad",
              "isHook": false,
              "skipped": false
            },
            {
              "title": "Validate properties of the contact us page",
              "fullTitle": "Verifying variables, cypress commands and jquery commands Validate properties of the contact us page",
              "timedOut": null,
              "duration": 470,
              "state": "passed",
              "speed": "fast",
              "pass": true,
              "fail": false,
              "pending": false,
              "context": null,
              "code": "cy.visit(\"https://automationteststore.com/index.php?rt=content/contact\");\n//Uses cypress commands and chaining \ncy.contains('#ContactUsFrm', 'Contact Us Form').find('#field_11').should('contain', 'First name');\n//JQuery Approach \ncy.contains('#ContactUsFrm', 'Contact Us Form').then(text => {\n  const firstNameText = text.find('#field_11').text();\n  expect(firstNameText).to.contain('First name');\n  //Embedded commands (Closure)\n  cy.get('#field_11').then(fnText => {\n    cy.log(fnText.text());\n    cy.log(fnText);\n  });\n});",
              "err": {},
              "uuid": "4a76c79c-46a7-4f0d-ae5e-127139a585b0",
              "parentUUID": "f778d24a-5845-4e4f-b588-a025a88ed6ad",
              "isHook": false,
              "skipped": false
            }
          ],
          "suites": [],
          "passes": [
            "49bcb40b-9959-4c5e-858e-1e17f64110ea",
            "aaa7f49e-eeff-4542-8c9e-57e2a267d423",
            "4a76c79c-46a7-4f0d-ae5e-127139a585b0"
          ],
          "failures": [],
          "pending": [],
          "skipped": [],
          "duration": 4785,
          "root": false,
          "rootEmpty": false,
          "_timeout": 2000
        }
      ],
      "passes": [],
      "failures": [],
      "pending": [],
      "skipped": [],
      "duration": 0,
      "root": true,
      "rootEmpty": true,
      "_timeout": 2000
    },
    {
      "uuid": "68f916ed-47b0-4d12-8dc2-5a004f219e3a",
      "title": "",
      "fullFile": "cypress\\e2e\\webdriver-uni\\autocomplete-dropdown-list.cy.js",
      "file": "cypress\\e2e\\webdriver-uni\\autocomplete-dropdown-list.cy.js",
      "beforeHooks": [],
      "afterHooks": [],
      "tests": [],
      "suites": [
        {
          "uuid": "c18df6f9-f055-47ad-91bb-6f98f0bec8f8",
          "title": "Verify Autocomplete dropdown list via webdriveruni",
          "fullFile": "",
          "file": "",
          "beforeHooks": [],
          "afterHooks": [],
          "tests": [
            {
              "title": "Select specific product via autocomplete list",
              "fullTitle": "Verify Autocomplete dropdown list via webdriveruni Select specific product via autocomplete list",
              "timedOut": null,
              "duration": 3720,
              "state": "passed",
              "speed": "fast",
              "pass": true,
              "fail": false,
              "pending": false,
              "context": null,
              "code": "cy.visit(\"http://www.webdriveruniversity.com/\");\ncy.get('#autocomplete-textfield').invoke('removeAttr', 'target').click({\n  force: true\n});\ncy.get('#myInput').type('A');\ncy.get('#myInputautocomplete-list > *').each(($el, index, $list) => {\n  const prod = $el.text();\n  const productToSelect = 'Avacado';\n  if (prod === productToSelect) {\n    //$el.click();\n    $el.trigger(\"click\");\n    cy.get('#submit-button').click();\n    cy.url().should('include', productToSelect);\n  }\n}).then(() => {\n  cy.get('#myInput').type('G');\n  cy.get('#myInputautocomplete-list > *').each(($el, index, $list) => {\n    const prod = $el.text();\n    const productToSelect = 'Grapes';\n    if (prod === productToSelect) {\n      //$el.click();\n      $el.trigger(\"click\");\n      cy.get('#submit-button').click();\n      cy.url().should('include', productToSelect);\n    }\n  });\n});",
              "err": {},
              "uuid": "46fb1943-e000-401c-bf67-2f806805dfe8",
              "parentUUID": "c18df6f9-f055-47ad-91bb-6f98f0bec8f8",
              "isHook": false,
              "skipped": false
            }
          ],
          "suites": [],
          "passes": [
            "46fb1943-e000-401c-bf67-2f806805dfe8"
          ],
          "failures": [],
          "pending": [],
          "skipped": [],
          "duration": 3720,
          "root": false,
          "rootEmpty": false,
          "_timeout": 2000
        }
      ],
      "passes": [],
      "failures": [],
      "pending": [],
      "skipped": [],
      "duration": 0,
      "root": true,
      "rootEmpty": true,
      "_timeout": 2000
    },
    {
      "uuid": "57b22c8d-910d-4f7c-8809-69e54eb742db",
      "title": "",
      "fullFile": "cypress\\e2e\\webdriver-uni\\browser-navigation.cy.js",
      "file": "cypress\\e2e\\webdriver-uni\\browser-navigation.cy.js",
      "beforeHooks": [],
      "afterHooks": [],
      "tests": [],
      "suites": [
        {
          "uuid": "c22cde8f-54f9-4e04-9e8c-3779f5067d41",
          "title": "Validate webdriveruni homepage links",
          "fullFile": "",
          "file": "",
          "beforeHooks": [],
          "afterHooks": [],
          "tests": [
            {
              "title": "Back, Forward, reload challenge",
              "fullTitle": "Validate webdriveruni homepage links Back, Forward, reload challenge",
              "timedOut": null,
              "duration": 2957,
              "state": "passed",
              "speed": "fast",
              "pass": true,
              "fail": false,
              "pending": false,
              "context": null,
              "code": "cy.visit(\"http://www.webdriveruniversity.com/\");\ncy.get('#to-do-list').invoke('removeAttr', 'target').click({\n  force: true\n});\ncy.url().should('include', 'To-Do-List');\ncy.go('back');",
              "err": {},
              "uuid": "33c50c29-2c50-49b7-b99e-2782e7aea172",
              "parentUUID": "c22cde8f-54f9-4e04-9e8c-3779f5067d41",
              "isHook": false,
              "skipped": false
            }
          ],
          "suites": [],
          "passes": [
            "33c50c29-2c50-49b7-b99e-2782e7aea172"
          ],
          "failures": [],
          "pending": [],
          "skipped": [],
          "duration": 2957,
          "root": false,
          "rootEmpty": false,
          "_timeout": 2000
        }
      ],
      "passes": [],
      "failures": [],
      "pending": [],
      "skipped": [],
      "duration": 0,
      "root": true,
      "rootEmpty": true,
      "_timeout": 2000
    },
    {
      "uuid": "e4b71742-b7f2-48b2-be61-b6ca995e18fa",
      "title": "",
      "fullFile": "cypress\\e2e\\webdriver-uni\\checkboxes.cy.js",
      "file": "cypress\\e2e\\webdriver-uni\\checkboxes.cy.js",
      "beforeHooks": [],
      "afterHooks": [],
      "tests": [],
      "suites": [
        {
          "uuid": "9091fd1c-d0cb-4d6b-8eea-627dd0c7fa1d",
          "title": "Verify checkboxes via webriveruni",
          "fullFile": "",
          "file": "",
          "beforeHooks": [],
          "afterHooks": [],
          "tests": [
            {
              "title": "Check and validate checkbox",
              "fullTitle": "Verify checkboxes via webriveruni Check and validate checkbox",
              "timedOut": null,
              "duration": 724,
              "state": "passed",
              "speed": "fast",
              "pass": true,
              "fail": false,
              "pending": false,
              "context": null,
              "code": "//Checks all checkboxes\n//cy.get('[type=\"checkbox\"]').check()\n//cy.get('#checkboxes > :nth-child(1) > input').check()\n//cy.get('#checkboxes > :nth-child(1) > input').check().should('be.checked')\ncy.get('#checkboxes > :nth-child(1) > input').as('option-1');\ncy.get('@option-1').check();\ncy.get('@option-1').check().should('be.checked');",
              "err": {},
              "uuid": "2d5a45a8-e301-4b56-8e00-6ef42853fb8e",
              "parentUUID": "9091fd1c-d0cb-4d6b-8eea-627dd0c7fa1d",
              "isHook": false,
              "skipped": false
            },
            {
              "title": "Checkbox challenge - Uncheck",
              "fullTitle": "Verify checkboxes via webriveruni Checkbox challenge - Uncheck",
              "timedOut": null,
              "duration": 193,
              "state": "passed",
              "speed": "fast",
              "pass": true,
              "fail": false,
              "pending": false,
              "context": null,
              "code": "//Checks all checkboxes\n//cy.get('[type=\"checkbox\"]').check()\n//cy.get('#checkboxes > :nth-child(1) > input').check()\n//cy.get('#checkboxes > :nth-child(1) > input').check().should('be.checked')\ncy.get('#checkboxes > :nth-child(5) > input').as('option-3');\ncy.get('@option-3').uncheck().should('not.be.checked');",
              "err": {},
              "uuid": "1e878a1d-d3f8-46e5-a135-f5ee5352fde4",
              "parentUUID": "9091fd1c-d0cb-4d6b-8eea-627dd0c7fa1d",
              "isHook": false,
              "skipped": false
            },
            {
              "title": "Check multiple checkboxes",
              "fullTitle": "Verify checkboxes via webriveruni Check multiple checkboxes",
              "timedOut": null,
              "duration": 353,
              "state": "passed",
              "speed": "fast",
              "pass": true,
              "fail": false,
              "pending": false,
              "context": null,
              "code": "cy.get(\"input[type='checkbox']\").check([\"option-1\", \"option-2\", \"option-3\", \"option-4\"]).should('be.checked');",
              "err": {},
              "uuid": "03df9cb0-8740-4c94-a481-f535a86ea513",
              "parentUUID": "9091fd1c-d0cb-4d6b-8eea-627dd0c7fa1d",
              "isHook": false,
              "skipped": false
            }
          ],
          "suites": [],
          "passes": [
            "2d5a45a8-e301-4b56-8e00-6ef42853fb8e",
            "1e878a1d-d3f8-46e5-a135-f5ee5352fde4",
            "03df9cb0-8740-4c94-a481-f535a86ea513"
          ],
          "failures": [],
          "pending": [],
          "skipped": [],
          "duration": 1270,
          "root": false,
          "rootEmpty": false,
          "_timeout": 2000
        }
      ],
      "passes": [],
      "failures": [],
      "pending": [],
      "skipped": [],
      "duration": 0,
      "root": true,
      "rootEmpty": true,
      "_timeout": 2000
    },
    {
      "uuid": "39401931-df77-497c-a25e-23367e53d2dc",
      "title": "",
      "fullFile": "cypress\\e2e\\webdriver-uni\\contact-us.cy.js",
      "file": "cypress\\e2e\\webdriver-uni\\contact-us.cy.js",
      "beforeHooks": [],
      "afterHooks": [],
      "tests": [],
      "suites": [
        {
          "uuid": "74e8d8e7-3a63-4a21-a393-b993aaa88b8b",
          "title": "Test contact us form via webdriverUni",
          "fullFile": "",
          "file": "",
          "beforeHooks": [],
          "afterHooks": [],
          "tests": [
            {
              "title": "Should be able to submit a successful submission via contact us form",
              "fullTitle": "Test contact us form via webdriverUni Should be able to submit a successful submission via contact us form",
              "timedOut": null,
              "duration": 8277,
              "state": "passed",
              "speed": "medium",
              "pass": true,
              "fail": false,
              "pending": false,
              "context": null,
              "code": "//cypress code\n//cy.visit(\"http://www.webdriveruniversity.com/\")\n//cy.get('#contact-us > .thumbnail').click() \n//cy.get('#contact-us').click({force: true})\n//cy.visit(\"http://www.webdriveruniversity.com/Contact-Us/contactus.html\")\ncy.document().should('have.property', 'charset').and('eq', 'UTF-8');\ncy.title().should('include', 'WebDriver | Contact Us');\ncy.url().should('include', 'contactus');\n// cy.get('[name=\"first_name\"]').type(data.first_name)\n// cy.get('[name=\"last_name\"]').type(data.last_name)\n// cy.get('[name=\"email\"]').type(data.email)\n// cy.get('textarea.feedback-input').type(\"Get ready for launch!!!\")\n// cy.get('[type=\"submit\"]').click()\n// cy.get('h1').should('have.text', 'Thank You for your Message!')\n//cy.webdriverUni_ContactForm_Submission(Cypress.env(\"first_name\"), data.last_name,data.email,\"Get ready for launch!!!\",'h1','Thank You for your Message!');\n//data.first_name\ncontact_Us_PO.contactForm_Submission(Cypress.env(\"first_name\"), data.last_name, data.email, \"Get ready for launch!!!\", \"h1\", \"Thank You for your Message!\");",
              "err": {},
              "uuid": "a9b17351-9e22-406b-b007-48109747db14",
              "parentUUID": "74e8d8e7-3a63-4a21-a393-b993aaa88b8b",
              "isHook": false,
              "skipped": false
            },
            {
              "title": "Should not be able to submit a successful submission via contact us form as all fields are required",
              "fullTitle": "Test contact us form via webdriverUni Should not be able to submit a successful submission via contact us form as all fields are required",
              "timedOut": null,
              "duration": 5557,
              "state": "passed",
              "speed": "medium",
              "pass": true,
              "fail": false,
              "pending": false,
              "context": null,
              "code": "//cypress code\n//cy.visit(\"http://www.webdriveruniversity.com/Contact-Us/contactus.html\")\n// cy.get('[name=\"first_name\"]').type(data.first_name)\n// cy.get('[name=\"last_name\"]').type(data.last_name)\n// cy.get('textarea.feedback-input').type(\"Get ready for launch!!!\")\n// cy.get('[type=\"submit\"]').click()\n// cy.get('body').contains('Error: all fields are required')\ncontact_Us_PO.contactForm_Submission(data.first_name, data.last_name, \" \", \"Get ready for launch!!!\", 'body', 'Error: Invalid email address');\n//cy.webdriverUni_ContactForm_Submission(data.first_name, data.last_name,\" \",\"Get ready for launch!!!\",'body','Error: Invalid email address');",
              "err": {},
              "uuid": "ceb206c7-694a-45fd-8f60-eb7679bd0ab2",
              "parentUUID": "74e8d8e7-3a63-4a21-a393-b993aaa88b8b",
              "isHook": false,
              "skipped": false
            }
          ],
          "suites": [],
          "passes": [
            "a9b17351-9e22-406b-b007-48109747db14",
            "ceb206c7-694a-45fd-8f60-eb7679bd0ab2"
          ],
          "failures": [],
          "pending": [],
          "skipped": [],
          "duration": 13834,
          "root": false,
          "rootEmpty": false,
          "_timeout": 2000
        }
      ],
      "passes": [],
      "failures": [],
      "pending": [],
      "skipped": [],
      "duration": 0,
      "root": true,
      "rootEmpty": true,
      "_timeout": 2000
    },
    {
      "uuid": "21947cf0-5097-434d-9760-c7665fb44d7f",
      "title": "",
      "fullFile": "cypress\\e2e\\webdriver-uni\\data-tables.cy.js",
      "file": "cypress\\e2e\\webdriver-uni\\data-tables.cy.js",
      "beforeHooks": [],
      "afterHooks": [],
      "tests": [],
      "suites": [
        {
          "uuid": "5a0f5f6b-c09b-4611-8467-74ea86aa77ee",
          "title": "Handling data via webdriveruni",
          "fullFile": "",
          "file": "",
          "beforeHooks": [],
          "afterHooks": [],
          "tests": [
            {
              "title": "Calculate and assert the total age of all users",
              "fullTitle": "Handling data via webdriveruni Calculate and assert the total age of all users",
              "timedOut": null,
              "duration": 2699,
              "state": "passed",
              "speed": "fast",
              "pass": true,
              "fail": false,
              "pending": false,
              "context": null,
              "code": "var userDetails = [];\nlet numb = 0;\ncy.get('#thumbnail-1 td').each(($el, index, $list) => {\n  userDetails[index] = $el.text();\n}).then(() => {\n  var i;\n  for (i = 0; i < userDetails.length; i++) {\n    if (Number(userDetails[i])) {\n      numb += Number(userDetails[i]);\n    }\n    //cy.log(userDetails[i])\n  }\n  cy.log(\"Found total age: \" + numb);\n  expect(numb).to.eq(322);\n});",
              "err": {},
              "uuid": "87ce4db1-6b13-4145-a5e0-7b55a6f49885",
              "parentUUID": "5a0f5f6b-c09b-4611-8467-74ea86aa77ee",
              "isHook": false,
              "skipped": false
            },
            {
              "title": "Calculate and assert the age of a given user based on last name",
              "fullTitle": "Handling data via webdriveruni Calculate and assert the age of a given user based on last name",
              "timedOut": null,
              "duration": 835,
              "state": "passed",
              "speed": "fast",
              "pass": true,
              "fail": false,
              "pending": false,
              "context": null,
              "code": "cy.get('#thumbnail-1 tr td:nth-child(2)').each(($el, index, $list) => {\n  const text = $el.text();\n  if (text.includes(\"Woods\")) {\n    cy.get('#thumbnail-1 tr td:nth-child(2)').eq(index).next().then(function (age) {\n      const userAge = age.text();\n      expect(userAge).to.eq(\"80\");\n    });\n  }\n});",
              "err": {},
              "uuid": "e243f11f-1342-42fc-9a06-7d424ed8a028",
              "parentUUID": "5a0f5f6b-c09b-4611-8467-74ea86aa77ee",
              "isHook": false,
              "skipped": false
            }
          ],
          "suites": [],
          "passes": [
            "87ce4db1-6b13-4145-a5e0-7b55a6f49885",
            "e243f11f-1342-42fc-9a06-7d424ed8a028"
          ],
          "failures": [],
          "pending": [],
          "skipped": [],
          "duration": 3534,
          "root": false,
          "rootEmpty": false,
          "_timeout": 2000
        }
      ],
      "passes": [],
      "failures": [],
      "pending": [],
      "skipped": [],
      "duration": 0,
      "root": true,
      "rootEmpty": true,
      "_timeout": 2000
    },
    {
      "uuid": "4d03aeea-3e92-4a51-be4d-7876dfae8ab9",
      "title": "",
      "fullFile": "cypress\\e2e\\webdriver-uni\\date-picker.cy.js",
      "file": "cypress\\e2e\\webdriver-uni\\date-picker.cy.js",
      "beforeHooks": [],
      "afterHooks": [],
      "tests": [],
      "suites": [
        {
          "uuid": "eba0194c-d825-428a-bd1e-13cc297215f4",
          "title": "test date picker via webdriveruni",
          "fullFile": "",
          "file": "",
          "beforeHooks": [],
          "afterHooks": [],
          "tests": [
            {
              "title": "Select date from the datepicker",
              "fullTitle": "test date picker via webdriveruni Select date from the datepicker",
              "timedOut": null,
              "duration": 5479,
              "state": "passed",
              "speed": "medium",
              "pass": true,
              "fail": false,
              "pending": false,
              "context": null,
              "code": "cy.visit(\"/\");\ncy.get('#datepicker').invoke('removeAttr', 'target').click({\n  force: true\n});\ncy.get('#datepicker').click();\n// let date = new Date();\n// date.setDate(date.getDate()) \n// cy.log(date.getDate()) // get current day\n// let date1 = new Date();\n// date1.setDate(date.getDate() + 5)\n// cy.log(date1.getDate()) //get current day + 5\nvar date = new Date();\ndate.setDate(date.getDate() + 365); // the number added will reflect the number of days\nvar futureYear = date.getFullYear();\nvar futureMonth = date.toLocaleString(\"default\", {\n  month: \"long\"\n});\nvar futureDay = date.getDate();\ncy.log(\"Future year to select: \" + futureYear);\ncy.log(\"Future month to select: \" + futureMonth);\ncy.log(\"Future day to select: \" + futureDay);\nfunction selectMonthAndYear() {\n  cy.get('.datepicker-dropdown').find('.datepicker-switch').first().then(currentDate => {\n    if (!currentDate.text().includes(futureYear)) {\n      cy.get('.next').first().click();\n      selectMonthAndYear();\n    }\n  }).then(() => {\n    cy.get('.datepicker-dropdown').find('.datepicker-switch').first().then(currentDate => {\n      if (!currentDate.text().includes(futureMonth)) {\n        cy.get('.next').first().click();\n        selectMonthAndYear();\n      }\n    });\n  });\n}\nfunction selectFutureDay() {\n  cy.get('[class=\"day\"]').contains(futureDay).click();\n}\nselectMonthAndYear();\nselectFutureDay();",
              "err": {},
              "uuid": "1005e11d-ce56-453d-905e-7fbf83a4d905",
              "parentUUID": "eba0194c-d825-428a-bd1e-13cc297215f4",
              "isHook": false,
              "skipped": false
            }
          ],
          "suites": [],
          "passes": [
            "1005e11d-ce56-453d-905e-7fbf83a4d905"
          ],
          "failures": [],
          "pending": [],
          "skipped": [],
          "duration": 5479,
          "root": false,
          "rootEmpty": false,
          "_timeout": 2000
        }
      ],
      "passes": [],
      "failures": [],
      "pending": [],
      "skipped": [],
      "duration": 0,
      "root": true,
      "rootEmpty": true,
      "_timeout": 2000
    },
    {
      "uuid": "45ca12aa-7455-4dff-b4f5-f642562f05d2",
      "title": "",
      "fullFile": "cypress\\e2e\\webdriver-uni\\file-upload.cy.js",
      "file": "cypress\\e2e\\webdriver-uni\\file-upload.cy.js",
      "beforeHooks": [],
      "afterHooks": [],
      "tests": [],
      "suites": [
        {
          "uuid": "d357120c-bcc2-4f62-ad45-7f94f7e63487",
          "title": "Test file upload via webdriveruni",
          "fullFile": "",
          "file": "",
          "beforeHooks": [],
          "afterHooks": [],
          "tests": [
            {
              "title": "Upload a file...",
              "fullTitle": "Test file upload via webdriveruni Upload a file...",
              "timedOut": null,
              "duration": 835,
              "state": "passed",
              "speed": "fast",
              "pass": true,
              "fail": false,
              "pending": false,
              "context": null,
              "code": "cy.visit(\"http://www.webdriveruniversity.com/\");\ncy.get('#file-upload').invoke('removeAttr', 'target').click({\n  force: true\n});\ncy.get('#myFile').selectFile(\"cypress/fixtures/laptop.png\");\ncy.get('#submit-button').click();",
              "err": {},
              "uuid": "845e898a-ab98-47e2-8e65-bd18f41ad80f",
              "parentUUID": "d357120c-bcc2-4f62-ad45-7f94f7e63487",
              "isHook": false,
              "skipped": false
            },
            {
              "title": "Upload no file...",
              "fullTitle": "Test file upload via webdriveruni Upload no file...",
              "timedOut": null,
              "duration": 377,
              "state": "passed",
              "speed": "fast",
              "pass": true,
              "fail": false,
              "pending": false,
              "context": null,
              "code": "cy.visit(\"http://www.webdriveruniversity.com/\");\ncy.get('#file-upload').invoke('removeAttr', 'target').click({\n  force: true\n});\ncy.get('#submit-button').click();",
              "err": {},
              "uuid": "ddb2f23b-bcda-4367-8ba8-d043b8df86e6",
              "parentUUID": "d357120c-bcc2-4f62-ad45-7f94f7e63487",
              "isHook": false,
              "skipped": false
            }
          ],
          "suites": [],
          "passes": [
            "845e898a-ab98-47e2-8e65-bd18f41ad80f",
            "ddb2f23b-bcda-4367-8ba8-d043b8df86e6"
          ],
          "failures": [],
          "pending": [],
          "skipped": [],
          "duration": 1212,
          "root": false,
          "rootEmpty": false,
          "_timeout": 2000
        }
      ],
      "passes": [],
      "failures": [],
      "pending": [],
      "skipped": [],
      "duration": 0,
      "root": true,
      "rootEmpty": true,
      "_timeout": 2000
    },
    {
      "uuid": "c2b925c0-8278-41e7-9ec3-152e7398247b",
      "title": "",
      "fullFile": "cypress\\e2e\\webdriver-uni\\iframe.cy.js",
      "file": "cypress\\e2e\\webdriver-uni\\iframe.cy.js",
      "beforeHooks": [],
      "afterHooks": [],
      "tests": [],
      "suites": [
        {
          "uuid": "74beb855-a073-4e36-bf6e-52e309d871a4",
          "title": "Handling IFrame & Modals",
          "fullFile": "",
          "file": "",
          "beforeHooks": [],
          "afterHooks": [],
          "tests": [
            {
              "title": "Handle webdriveruni iframe and modal",
              "fullTitle": "Handling IFrame & Modals Handle webdriveruni iframe and modal",
              "timedOut": null,
              "duration": 1290,
              "state": "passed",
              "speed": "fast",
              "pass": true,
              "fail": false,
              "pending": false,
              "context": null,
              "code": "cy.visit(\"/\");\ncy.get('#iframe').invoke('removeAttr', 'target').click({\n  force: true\n});\ncy.get('#frame').then($iframe => {\n  const body = $iframe.contents().find('body');\n  cy.wrap(body).as('iframe');\n});\ncy.get('@iframe').find('#button-find-out-more').click();\ncy.get('@iframe').find('#myModal').as('modal');\ncy.get('@modal').should($expectedText => {\n  const text = $expectedText.text();\n  expect(text).to.include('Welcome to webdriveruniversity.com we sell a wide range of electrical goods');\n});\ncy.get('@modal').contains('Close').click();",
              "err": {},
              "uuid": "dedfa2ac-acad-4f5e-8869-35d26530459b",
              "parentUUID": "74beb855-a073-4e36-bf6e-52e309d871a4",
              "isHook": false,
              "skipped": false
            }
          ],
          "suites": [],
          "passes": [
            "dedfa2ac-acad-4f5e-8869-35d26530459b"
          ],
          "failures": [],
          "pending": [],
          "skipped": [],
          "duration": 1290,
          "root": false,
          "rootEmpty": false,
          "_timeout": 2000
        }
      ],
      "passes": [],
      "failures": [],
      "pending": [],
      "skipped": [],
      "duration": 0,
      "root": true,
      "rootEmpty": true,
      "_timeout": 2000
    },
    {
      "uuid": "da710152-aa0f-4a72-8dfc-0df303296522",
      "title": "",
      "fullFile": "cypress\\e2e\\webdriver-uni\\js-alerts.cy.js",
      "file": "cypress\\e2e\\webdriver-uni\\js-alerts.cy.js",
      "beforeHooks": [],
      "afterHooks": [],
      "tests": [],
      "suites": [
        {
          "uuid": "9687ac53-8988-4056-b884-9b07ff581dab",
          "title": "Handle JS alerts",
          "fullFile": "",
          "file": "",
          "beforeHooks": [],
          "afterHooks": [],
          "tests": [
            {
              "title": "Validate JS confirm alert box using a stub",
              "fullTitle": "Handle JS alerts Validate JS confirm alert box using a stub",
              "timedOut": null,
              "duration": 871,
              "state": "passed",
              "speed": "fast",
              "pass": true,
              "fail": false,
              "pending": false,
              "context": null,
              "code": "cy.visit(\"http://www.webdriveruniversity.com/\");\ncy.get('#popup-alerts').invoke('removeAttr', 'target').click({\n  force: true\n});\nconst stub = cy.stub();\ncy.on('window:confirm', stub);\ncy.get('#button4').click().then(() => {\n  expect(stub.getCall(0)).to.be.calledWith('Press a button!');\n}).then(() => {\n  return true;\n}).then(() => {\n  cy.get('#confirm-alert-text').contains('You pressed OK!');\n});",
              "err": {},
              "uuid": "a5de5add-c63d-4ad5-acb1-cc81f2e0c228",
              "parentUUID": "9687ac53-8988-4056-b884-9b07ff581dab",
              "isHook": false,
              "skipped": false
            }
          ],
          "suites": [],
          "passes": [
            "a5de5add-c63d-4ad5-acb1-cc81f2e0c228"
          ],
          "failures": [],
          "pending": [],
          "skipped": [],
          "duration": 871,
          "root": false,
          "rootEmpty": false,
          "_timeout": 2000
        }
      ],
      "passes": [],
      "failures": [],
      "pending": [],
      "skipped": [],
      "duration": 0,
      "root": true,
      "rootEmpty": true,
      "_timeout": 2000
    },
    {
      "uuid": "d636b215-3f5e-4af2-a33e-a59f9189fded",
      "title": "",
      "fullFile": "cypress\\e2e\\webdriver-uni\\mouse-actions.cy.js",
      "file": "cypress\\e2e\\webdriver-uni\\mouse-actions.cy.js",
      "beforeHooks": [],
      "afterHooks": [],
      "tests": [],
      "suites": [
        {
          "uuid": "aa78f800-b07d-4dbf-b143-50d306eacf40",
          "title": "Test mouse actions",
          "fullFile": "",
          "file": "",
          "beforeHooks": [],
          "afterHooks": [],
          "tests": [
            {
              "title": "I should be able to hold down the left mouse click button on a given item",
              "fullTitle": "Test mouse actions I should be able to hold down the left mouse click button on a given item",
              "timedOut": null,
              "duration": 1307,
              "state": "passed",
              "speed": "fast",
              "pass": true,
              "fail": false,
              "pending": false,
              "context": null,
              "code": "cy.visit(\"http://www.webdriveruniversity.com/\");\ncy.get('#actions').scrollIntoView().invoke('removeAttr', 'target').click({\n  force: true\n});\ncy.get('#click-box').trigger('mousedown', {\n  which: 1\n}).then($element => {\n  expect($element).to.have.css('background-color', 'rgb(0, 255, 0)');\n});",
              "err": {},
              "uuid": "600c33eb-494e-49e2-9107-63412c5f3833",
              "parentUUID": "aa78f800-b07d-4dbf-b143-50d306eacf40",
              "isHook": false,
              "skipped": false
            }
          ],
          "suites": [],
          "passes": [
            "600c33eb-494e-49e2-9107-63412c5f3833"
          ],
          "failures": [],
          "pending": [],
          "skipped": [],
          "duration": 1307,
          "root": false,
          "rootEmpty": false,
          "_timeout": 2000
        }
      ],
      "passes": [],
      "failures": [],
      "pending": [],
      "skipped": [],
      "duration": 0,
      "root": true,
      "rootEmpty": true,
      "_timeout": 2000
    },
    {
      "uuid": "12c2f5d7-f685-4300-9134-9d7929d3eddb",
      "title": "",
      "fullFile": "cypress\\e2e\\webdriver-uni\\radio-buttons.cy.js",
      "file": "cypress\\e2e\\webdriver-uni\\radio-buttons.cy.js",
      "beforeHooks": [],
      "afterHooks": [],
      "tests": [],
      "suites": [
        {
          "uuid": "c12050b6-4a2c-4ba0-be7e-04ababddc9fe",
          "title": "Verify radio buttons via webdriver uni",
          "fullFile": "",
          "file": "",
          "beforeHooks": [],
          "afterHooks": [],
          "tests": [
            {
              "title": "Check specific radio buttons",
              "fullTitle": "Verify radio buttons via webdriver uni Check specific radio buttons",
              "timedOut": null,
              "duration": 973,
              "state": "passed",
              "speed": "fast",
              "pass": true,
              "fail": false,
              "pending": false,
              "context": null,
              "code": "cy.get('#radio-buttons').find(\"[type='radio']\").first().check();\ncy.get('#radio-buttons').find(\"[type='radio']\").eq(1).check();",
              "err": {},
              "uuid": "eabfe948-dbc1-45a2-9aa2-d493566df370",
              "parentUUID": "c12050b6-4a2c-4ba0-be7e-04ababddc9fe",
              "isHook": false,
              "skipped": false
            },
            {
              "title": "Validate the states of specific radio buttons",
              "fullTitle": "Verify radio buttons via webdriver uni Validate the states of specific radio buttons",
              "timedOut": null,
              "duration": 388,
              "state": "passed",
              "speed": "fast",
              "pass": true,
              "fail": false,
              "pending": false,
              "context": null,
              "code": "cy.get(\"[value='lettuce']\").should('not.be.checked');\ncy.get(\"[value='pumpkin']\").should('be.checked');\ncy.get(\"[value='lettuce']\").check();\ncy.get(\"[value='lettuce']\").should('be.checked');\ncy.get(\"[value='cabbage']\").should('be.disabled');",
              "err": {},
              "uuid": "1fbd5dc8-7442-430e-860f-de34989541ff",
              "parentUUID": "c12050b6-4a2c-4ba0-be7e-04ababddc9fe",
              "isHook": false,
              "skipped": false
            }
          ],
          "suites": [],
          "passes": [
            "eabfe948-dbc1-45a2-9aa2-d493566df370",
            "1fbd5dc8-7442-430e-860f-de34989541ff"
          ],
          "failures": [],
          "pending": [],
          "skipped": [],
          "duration": 1361,
          "root": false,
          "rootEmpty": false,
          "_timeout": 2000
        }
      ],
      "passes": [],
      "failures": [],
      "pending": [],
      "skipped": [],
      "duration": 0,
      "root": true,
      "rootEmpty": true,
      "_timeout": 2000
    },
    {
      "uuid": "8c73cf0c-9fd1-4d75-9c27-e1c7017bb92e",
      "title": "",
      "fullFile": "cypress\\e2e\\webdriver-uni\\select-dropdown-list.cy.js",
      "file": "cypress\\e2e\\webdriver-uni\\select-dropdown-list.cy.js",
      "beforeHooks": [],
      "afterHooks": [],
      "tests": [],
      "suites": [
        {
          "uuid": "1f52757a-5328-4029-866b-e419c50ca06a",
          "title": "Interact with dropdown lists via webdriveruni",
          "fullFile": "",
          "file": "",
          "beforeHooks": [],
          "afterHooks": [],
          "tests": [
            {
              "title": "Dropdown list challenge",
              "fullTitle": "Interact with dropdown lists via webdriveruni Dropdown list challenge",
              "timedOut": null,
              "duration": 1317,
              "state": "passed",
              "speed": "fast",
              "pass": true,
              "fail": false,
              "pending": false,
              "context": null,
              "code": "cy.visit(\"http://www.webdriveruniversity.com/\");\ncy.get('#dropdown-checkboxes-radiobuttons').invoke('removeAttr', 'target').click({\n  force: true\n});\ncy.get('#dropdowm-menu-2').select('maven').should('have.value', 'maven');\ncy.get('#dropdowm-menu-2').select('testng').contains('TestNG');",
              "err": {},
              "uuid": "604ee606-3b24-4d57-abdb-aef490c69d72",
              "parentUUID": "1f52757a-5328-4029-866b-e419c50ca06a",
              "isHook": false,
              "skipped": false
            }
          ],
          "suites": [],
          "passes": [
            "604ee606-3b24-4d57-abdb-aef490c69d72"
          ],
          "failures": [],
          "pending": [],
          "skipped": [],
          "duration": 1317,
          "root": false,
          "rootEmpty": false,
          "_timeout": 2000
        }
      ],
      "passes": [],
      "failures": [],
      "pending": [],
      "skipped": [],
      "duration": 0,
      "root": true,
      "rootEmpty": true,
      "_timeout": 2000
    },
    {
      "uuid": "b71f5954-a565-4275-a1ad-be4fa065e63c",
      "title": "",
      "fullFile": "cypress\\e2e\\webdriver-uni\\selectors.cy.js",
      "file": "cypress\\e2e\\webdriver-uni\\selectors.cy.js",
      "beforeHooks": [],
      "afterHooks": [],
      "tests": [],
      "suites": [
        {
          "uuid": "29da7f27-6a29-429d-8a4f-f19d06561c57",
          "title": "Selector examples",
          "fullFile": "",
          "file": "",
          "beforeHooks": [],
          "afterHooks": [],
          "tests": [
            {
              "title": "Examples of Selectors via WebdriverUni Contact Us Page",
              "fullTitle": "Selector examples Examples of Selectors via WebdriverUni Contact Us Page",
              "timedOut": null,
              "duration": 556,
              "state": "passed",
              "speed": "fast",
              "pass": true,
              "fail": false,
              "pending": false,
              "context": null,
              "code": "cy.visit(\"http://www.webdriveruniversity.com/Contact-Us/contactus.html\");\n// By tag name\ncy.get(\"input\");\n//By attribute name and value\ncy.get(\"input[name='first_name']\");\n//By id\ncy.get(\"#contact_me\");\n//By class\ncy.get(\".feedback-input\");\n//By multiple classes\ncy.get(\"[class='navbar navbar-inverse navbar-fixed-top']\");\n//By two different attributes \ncy.get(\"[name='email'][placeholder='Email Address']\");\n//By xpath\ncy.xpath(\"//input[@name='first_name']\");",
              "err": {},
              "uuid": "b9989fdd-a1f7-412a-b6b9-1e9dbe19e821",
              "parentUUID": "29da7f27-6a29-429d-8a4f-f19d06561c57",
              "isHook": false,
              "skipped": false
            }
          ],
          "suites": [],
          "passes": [
            "b9989fdd-a1f7-412a-b6b9-1e9dbe19e821"
          ],
          "failures": [],
          "pending": [],
          "skipped": [],
          "duration": 556,
          "root": false,
          "rootEmpty": false,
          "_timeout": 2000
        }
      ],
      "passes": [],
      "failures": [],
      "pending": [],
      "skipped": [],
      "duration": 0,
      "root": true,
      "rootEmpty": true,
      "_timeout": 2000
    },
    {
      "uuid": "45653827-fb39-496f-9f1f-d79339630f3d",
      "title": "",
      "fullFile": "cypress\\e2e\\webdriver-uni\\traversing-elements.cy.js",
      "file": "cypress\\e2e\\webdriver-uni\\traversing-elements.cy.js",
      "beforeHooks": [],
      "afterHooks": [],
      "tests": [],
      "suites": [
        {
          "uuid": "3e352fad-8a21-419d-a53f-58a202e95aba",
          "title": "Traversing DOM elements in Cypress",
          "fullFile": "",
          "file": "",
          "beforeHooks": [],
          "afterHooks": [],
          "tests": [
            {
              "title": "siblings() To get all sibling DOM elements of elements",
              "fullTitle": "Traversing DOM elements in Cypress siblings() To get all sibling DOM elements of elements",
              "timedOut": null,
              "duration": 1870,
              "state": "passed",
              "speed": "fast",
              "pass": true,
              "fail": false,
              "pending": false,
              "context": null,
              "code": "cy.get('.traversal-button-other-states .active').siblings().should('have.length', 3);",
              "err": {},
              "uuid": "33db4675-fb5b-48aa-a4ea-5fadf146cd86",
              "parentUUID": "3e352fad-8a21-419d-a53f-58a202e95aba",
              "isHook": false,
              "skipped": false
            }
          ],
          "suites": [],
          "passes": [
            "33db4675-fb5b-48aa-a4ea-5fadf146cd86"
          ],
          "failures": [],
          "pending": [],
          "skipped": [],
          "duration": 1870,
          "root": false,
          "rootEmpty": false,
          "_timeout": 2000
        }
      ],
      "passes": [],
      "failures": [],
      "pending": [],
      "skipped": [],
      "duration": 0,
      "root": true,
      "rootEmpty": true,
      "_timeout": 2000
    },
    {
      "uuid": "1234e09d-efb9-46f7-92e7-089f228de520",
      "title": "",
      "fullFile": "cypress\\e2e\\automation-test-store\\add-multiple-items-to-basket.cy.js",
      "file": "cypress\\e2e\\automation-test-store\\add-multiple-items-to-basket.cy.js",
      "beforeHooks": [],
      "afterHooks": [],
      "tests": [],
      "suites": [
        {
          "uuid": "46c9f821-982f-44d6-89df-a77af729d534",
          "title": "Add multiple items to basket",
          "fullFile": "",
          "file": "",
          "beforeHooks": [],
          "afterHooks": [],
          "tests": [
            {
              "title": "Add specific items to basket",
              "fullTitle": "Add multiple items to basket Add specific items to basket",
              "timedOut": null,
              "duration": 3971,
              "state": "passed",
              "speed": "fast",
              "pass": true,
              "fail": false,
              "pending": false,
              "context": null,
              "code": "autoStore_HairCare_PO.addHairCareProductsToBasket();",
              "err": {},
              "uuid": "92f688b8-0f18-4cdf-a64c-45957545459e",
              "parentUUID": "46c9f821-982f-44d6-89df-a77af729d534",
              "isHook": false,
              "skipped": false
            }
          ],
          "suites": [],
          "passes": [
            "92f688b8-0f18-4cdf-a64c-45957545459e"
          ],
          "failures": [],
          "pending": [],
          "skipped": [],
          "duration": 3971,
          "root": false,
          "rootEmpty": false,
          "_timeout": 2000
        }
      ],
      "passes": [],
      "failures": [],
      "pending": [],
      "skipped": [],
      "duration": 0,
      "root": true,
      "rootEmpty": true,
      "_timeout": 2000
    }
  ],
  "meta": {
    "mocha": {
      "version": "7.0.1"
    },
    "mochawesome": {
      "options": {
        "quiet": false,
        "reportFilename": "mochawesome",
        "saveHtml": false,
        "saveJson": true,
        "consoleReporter": "spec",
        "useInlineDiffs": false,
        "code": true
      },
      "version": "7.1.3"
    },
    "marge": {
      "options": {
        "id": "default",
        "reportDir": "cypress/results/mochawesome",
        "quite": true,
        "overwrite": false,
        "html": false,
        "json": true
      },
      "version": "6.2.0"
    }
  }
}